<?xml version="1.0" encoding="UTF-8"?>
<!-- Generated by org.testng.reporters.JUnitReportReporter -->
<testsuite skipped="0" hostname="DESKTOP-9HQCIRO" name="com.inetBanking.testCases.TC_LoginWithSetOfAccounts_003" tests="4" failures="0" timestamp="07 Mar 2020 12:36:33 GMT" time="104.982" errors="0">
  <testcase name="loginTest" time="22.937" classname="com.inetBanking.testCases.TC_LoginWithSetOfAccounts_003"/>
  <testcase name="loginTest" time="38.203" classname="com.inetBanking.testCases.TC_LoginWithSetOfAccounts_003"/>
  <testcase name="loginTest" time="23.260" classname="com.inetBanking.testCases.TC_LoginWithSetOfAccounts_003"/>
  <testcase name="loginTest" time="20.582" classname="com.inetBanking.testCases.TC_LoginWithSetOfAccounts_003"/>
</testsuite> <!-- com.inetBanking.testCases.TC_LoginWithSetOfAccounts_003 -->
