<?xml version="1.0" encoding="UTF-8"?>
<!-- Generated by org.testng.reporters.JUnitReportReporter -->
<testsuite skipped="0" hostname="DESKTOP-9HQCIRO" name="com.inetBanking.testCases.TC_CreateGuruAccounts_002" tests="4" failures="0" timestamp="07 Mar 2020 12:18:06 GMT" time="151.485" errors="0">
  <testcase name="createAccounts" time="28.209" classname="com.inetBanking.testCases.TC_CreateGuruAccounts_002"/>
  <testcase name="createAccounts" time="55.967" classname="com.inetBanking.testCases.TC_CreateGuruAccounts_002"/>
  <testcase name="createAccounts" time="23.830" classname="com.inetBanking.testCases.TC_CreateGuruAccounts_002"/>
  <testcase name="createAccounts" time="43.479" classname="com.inetBanking.testCases.TC_CreateGuruAccounts_002"/>
</testsuite> <!-- com.inetBanking.testCases.TC_CreateGuruAccounts_002 -->
