<?xml version="1.0" encoding="UTF-8"?>
<!-- Generated by org.testng.reporters.JUnitReportReporter -->
<testsuite skipped="0" hostname="DESKTOP-9HQCIRO" name="com.inetBanking.testCases.TC_AddCustomer_004" tests="1" failures="0" timestamp="07 Mar 2020 14:12:23 GMT" time="39.124" errors="0">
  <testcase name="addNewCustomer" time="39.124" classname="com.inetBanking.testCases.TC_AddCustomer_004"/>
</testsuite> <!-- com.inetBanking.testCases.TC_AddCustomer_004 -->
