<?xml version="1.0" encoding="UTF-8"?>
<!-- Generated by org.testng.reporters.JUnitReportReporter -->
<testsuite skipped="0" hostname="DESKTOP-9HQCIRO" name="com.inetBanking.testCases.TC_AddCustomer_004" tests="1" failures="0" timestamp="08 Mar 2020 08:19:48 GMT" time="46.855" errors="0">
  <testcase name="addNewCustomer" time="46.855" classname="com.inetBanking.testCases.TC_AddCustomer_004"/>
</testsuite> <!-- com.inetBanking.testCases.TC_AddCustomer_004 -->
